<?xml version="1.0" encoding="UTF-8"?>
<!-- Generated by org.testng.reporters.JUnitXMLReporter -->
<testsuite ignored="0" hostname="DESKTOP-LTOMGVI" failures="0" tests="3" name="Default test" time="0.109" errors="0" timestamp="2023-06-08T12:31:20 IST">
  <testcase classname="vTiger.Practice.DataProviderPractice" name="sampleTest" time="0.021"/>
  <testcase classname="vTiger.Practice.DataProviderPractice" name="sampleTest" time="0.003"/>
  <testcase classname="vTiger.Practice.DataProviderPractice" name="sampleTest" time="0.002"/>
</testsuite> <!-- Default test -->
