<?xml version="1.0" encoding="UTF-8"?>
<testng-results ignored="0" total="3" passed="3" failed="0" skipped="0">
  <reporter-output>
  </reporter-output>
  <suite started-at="2023-06-08T12:31:19 IST" name="Default suite" finished-at="2023-06-08T12:31:19 IST" duration-ms="109">
    <groups>
    </groups>
    <test started-at="2023-06-08T12:31:19 IST" name="Default test" finished-at="2023-06-08T12:31:19 IST" duration-ms="109">
      <class name="vTiger.Practice.DataProviderPractice">
        <test-method signature="sampleTest(java.lang.String,int)[pri:0, instance:vTiger.Practice.DataProviderPractice@619713e5]" started-at="2023-06-08T12:31:19 IST" name="sampleTest" data-provider="getData" finished-at="2023-06-08T12:31:19 IST" duration-ms="21" status="PASS">
          <params>
            <param index="0">
              <value>
                <![CDATA[Samsung]]>
              </value>
            </param>
            <param index="1">
              <value>
                <![CDATA[25000]]>
              </value>
            </param>
          </params>
          <reporter-output>
          </reporter-output>
        </test-method> <!-- sampleTest -->
        <test-method signature="sampleTest(java.lang.String,int)[pri:0, instance:vTiger.Practice.DataProviderPractice@619713e5]" started-at="2023-06-08T12:31:19 IST" name="sampleTest" data-provider="getData" finished-at="2023-06-08T12:31:19 IST" duration-ms="3" status="PASS">
          <params>
            <param index="0">
              <value>
                <![CDATA[Oneplus]]>
              </value>
            </param>
            <param index="1">
              <value>
                <![CDATA[50000]]>
              </value>
            </param>
          </params>
          <reporter-output>
          </reporter-output>
        </test-method> <!-- sampleTest -->
        <test-method signature="sampleTest(java.lang.String,int)[pri:0, instance:vTiger.Practice.DataProviderPractice@619713e5]" started-at="2023-06-08T12:31:19 IST" name="sampleTest" data-provider="getData" finished-at="2023-06-08T12:31:19 IST" duration-ms="2" status="PASS">
          <params>
            <param index="0">
              <value>
                <![CDATA[Iphone]]>
              </value>
            </param>
            <param index="1">
              <value>
                <![CDATA[100000]]>
              </value>
            </param>
          </params>
          <reporter-output>
          </reporter-output>
        </test-method> <!-- sampleTest -->
      </class> <!-- vTiger.Practice.DataProviderPractice -->
    </test> <!-- Default test -->
  </suite> <!-- Default suite -->
</testng-results>
